SLF4J(W): Class path contains multiple SLF4J providers.
SLF4J(W): Found provider [scribe.slf4j.ScribeServiceProvider@3a5d8e39]
SLF4J(W): Found provider [ch.qos.logback.classic.spi.LogbackServiceProvider@73a30dc4]
SLF4J(W): See https://www.slf4j.org/codes.html#multiple_bindings for an explanation.
SLF4J(I): Actual provider is of type [scribe.slf4j.ScribeServiceProvider@3a5d8e39]
2024.07.15 22:56:12 WARN  Flyway upgrade recommended: H2 2.2.224 is newer than this version of Flyway and support has not been tested. The latest supported version of H2 is 2.2.220.
2024.07.15 22:56:12 INFO  no build target found for D:\UCSC\FP\Practical05-1\1\src\main\scala\Main.scala. Using presentation compiler with project's scala-library version: 3.3.3
2024.07.15 22:56:13 INFO  no build target found for D:\UCSC\FP\Practical05-1\1\src\main\scala\Main.scala. Using presentation compiler with project's scala-library version: 3.3.3
Jul 15, 2024 10:56:15 PM org.eclipse.lsp4j.jsonrpc.RemoteEndpoint handleCancellation
WARNING: Unmatched cancel notification for request id 10
Jul 15, 2024 10:56:15 PM org.eclipse.lsp4j.jsonrpc.RemoteEndpoint handleCancellation
WARNING: Unmatched cancel notification for request id 13
Jul 15, 2024 10:56:15 PM org.eclipse.lsp4j.jsonrpc.RemoteEndpoint handleCancellation
WARNING: Unmatched cancel notification for request id 9
2024.07.15 22:56:15 INFO  no build target found for D:\UCSC\FP\Practical05-1\1\src\main\scala\Main.scala. Using presentation compiler with project's scala-library version: 3.3.3
Jul 15, 2024 10:56:15 PM org.eclipse.lsp4j.jsonrpc.RemoteEndpoint handleCancellation
WARNING: Unmatched cancel notification for request id 12
2024.07.15 22:56:16 WARN  no build target for: D:\UCSC\FP\Practical05-1\1\src\main\scala\Main.scala
2024.07.15 22:56:16 INFO  no build target found for D:\UCSC\FP\Practical05-1\1\src\main\scala\Main.scala. Using presentation compiler with project's scala-library version: 3.3.3
2024.07.15 22:56:19 INFO  no build target found for D:\UCSC\FP\Practical05-1\1\src\main\scala\Main.scala. Using presentation compiler with project's scala-library version: 3.3.3
2024.07.15 22:56:19 INFO  running 'C:\Users\pehan\AppData\Local\Coursier\cache\arc\https\github.com\adoptium\temurin11-binaries\releases\download\jdk-11.0.23%252B9\OpenJDK11U-jdk_x64_windows_hotspot_11.0.23_9.zip\jdk-11.0.23+9\bin\java.exe -Djline.terminal=jline.UnsupportedTerminal -Dsbt.log.noformat=true -Dfile.encoding=UTF-8 -jar C:\Users\pehan\AppData\Local\Temp\metals5005749804031356880\sbt-launch.jar -Dbloop.export-jar-classifiers=sources bloopInstall'
2024.07.15 22:56:20 WARN  no build target for: D:\UCSC\FP\Practical05-1\1\src\main\scala\Main.scala
2024.07.15 22:56:20 INFO  no build target found for D:\UCSC\FP\Practical05-1\1\src\main\scala\Main.scala. Using presentation compiler with project's scala-library version: 3.3.3
2024.07.15 22:56:25 INFO  [info] welcome to sbt 1.10.1 (Eclipse Adoptium Java 11.0.23)
2024.07.15 22:56:27 INFO  [info] loading settings for project root-1-build-build from metals.sbt ...
2024.07.15 22:56:27 INFO  [info] loading project definition from D:\UCSC\FP\Practical05-1\1\project\project
2024.07.15 22:56:31 INFO  [info] loading settings for project root-1-build from metals.sbt ...
2024.07.15 22:56:31 INFO  [info] loading project definition from D:\UCSC\FP\Practical05-1\1\project
2024.07.15 22:56:33 INFO  [success] Generated .bloop\root-1-build.json
2024.07.15 22:56:33 INFO  [success] Total time: 2 s, completed Jul 15, 2024, 10:56:33 PM
2024.07.15 22:56:35 INFO  [info] loading settings for project root-1 from build.sbt ...
2024.07.15 22:56:35 INFO  [info] set current project to hello-world (in build file:/D:/UCSC/FP/Practical05-1/1/)
2024.07.15 22:56:35 INFO  [success] Generated .bloop\root-1.json
2024.07.15 22:56:35 INFO  [success] Generated .bloop\root-1-test.json
2024.07.15 22:56:35 INFO  [success] Total time: 0 s, completed Jul 15, 2024, 10:56:36 PM
2024.07.15 22:56:36 INFO  time: ran 'sbt bloopInstall' in 16s
2024.07.15 22:56:36 INFO  Attempting to connect to the build server...
2024.07.15 22:56:36 INFO  tracing is disabled for protocol BSP, to enable tracing of incoming and outgoing JSON messages create an empty file at D:\UCSC\FP\Practical05-1\.metals\bsp.trace.json or C:\Users\pehan\AppData\Local\scalameta\metals\cache\bsp.trace.json
2024.07.15 22:56:36 INFO  time: Connected to build server in 0.33s
2024.07.15 22:56:36 INFO  Connected to Build server: Bloop v1.6.0
2024.07.15 22:56:36 INFO  running doctor check
2024.07.15 22:56:36 INFO  java targets: root-1, root-1-test
2024.07.15 22:56:38 WARN  Flyway upgrade recommended: H2 2.2.224 is newer than this version of Flyway and support has not been tested. The latest supported version of H2 is 2.2.220.
2024.07.15 22:56:41 INFO  time: indexed workspace in 4.82s
2024.07.15 22:56:43 INFO  compiling root-1 (1 scala source)
2024.07.15 22:56:48 INFO  time: compiled root-1 in 4.83s
2024.07.15 22:58:06 INFO  Shutting down server
2024.07.15 22:58:06 INFO  shutting down Metals
2024.07.15 22:58:06 INFO  Shut down connection with build server.
2024.07.15 22:58:06 INFO  Exiting server
